  EmployeeManager.cpp
D:\Ky Thuat Lap Trinh + Lap Trinh Huong Doi Tuong ( C++)\Visual\51_NguyenThanhThien_054205000756\QuanLyTienLuong\EmployeeManager.cpp(180,28): warning C4566: character represented by universal-character-name '\u1ED3' cannot be represented in the current code page (1252)
D:\Ky Thuat Lap Trinh + Lap Trinh Huong Doi Tuong ( C++)\Visual\51_NguyenThanhThien_054205000756\QuanLyTienLuong\EmployeeManager.cpp(180,28): warning C4566: character represented by universal-character-name '\u1EA1' cannot be represented in the current code page (1252)
D:\Ky Thuat Lap Trinh + Lap Trinh Huong Doi Tuong ( C++)\Visual\51_NguyenThanhThien_054205000756\QuanLyTienLuong\EmployeeManager.cpp(180,28): warning C4566: character represented by universal-character-name '\u1EB7' cannot be represented in the current code page (1252)
D:\Ky Thuat Lap Trinh + Lap Trinh Huong Doi Tuong ( C++)\Visual\51_NguyenThanhThien_054205000756\QuanLyTienLuong\EmployeeManager.cpp(180,28): warning C4566: character represented by universal-character-name '\u1EA3' cannot be represented in the current code page (1252)
D:\Ky Thuat Lap Trinh + Lap Trinh Huong Doi Tuong ( C++)\Visual\51_NguyenThanhThien_054205000756\QuanLyTienLuong\EmployeeManager.cpp(180,28): warning C4566: character represented by universal-character-name '\u1EDD' cannot be represented in the current code page (1252)
D:\Ky Thuat Lap Trinh + Lap Trinh Huong Doi Tuong ( C++)\Visual\51_NguyenThanhThien_054205000756\QuanLyTienLuong\EmployeeManager.cpp(226,21): warning C4566: character represented by universal-character-name '\u1EE7' cannot be represented in the current code page (1252)
  Main.cpp
  Employee.cpp
D:\Ky Thuat Lap Trinh + Lap Trinh Huong Doi Tuong ( C++)\Visual\51_NguyenThanhThien_054205000756\QuanLyTienLuong\Employee.cpp(10,32): warning C4566: character represented by universal-character-name '\u1EA3' cannot be represented in the current code page (1252)
D:\Ky Thuat Lap Trinh + Lap Trinh Huong Doi Tuong ( C++)\Visual\51_NguyenThanhThien_054205000756\QuanLyTienLuong\Employee.cpp(10,32): warning C4566: character represented by universal-character-name '\u01B0' cannot be represented in the current code page (1252)
D:\Ky Thuat Lap Trinh + Lap Trinh Huong Doi Tuong ( C++)\Visual\51_NguyenThanhThien_054205000756\QuanLyTienLuong\Employee.cpp(10,32): warning C4566: character represented by universal-character-name '\u1EDB' cannot be represented in the current code page (1252)
D:\Ky Thuat Lap Trinh + Lap Trinh Huong Doi Tuong ( C++)\Visual\51_NguyenThanhThien_054205000756\QuanLyTienLuong\Employee.cpp(10,32): warning C4566: character represented by universal-character-name '\u1EB7' cannot be represented in the current code page (1252)
D:\Ky Thuat Lap Trinh + Lap Trinh Huong Doi Tuong ( C++)\Visual\51_NguyenThanhThien_054205000756\QuanLyTienLuong\Employee.cpp(10,32): warning C4566: character represented by universal-character-name '\u1EB1' cannot be represented in the current code page (1252)
D:\Ky Thuat Lap Trinh + Lap Trinh Huong Doi Tuong ( C++)\Visual\51_NguyenThanhThien_054205000756\QuanLyTienLuong\Employee.cpp(10,32): warning C4566: character represented by universal-character-name '\u1EC7' cannot be represented in the current code page (1252)
D:\Ky Thuat Lap Trinh + Lap Trinh Huong Doi Tuong ( C++)\Visual\51_NguyenThanhThien_054205000756\QuanLyTienLuong\Employee.cpp(10,32): warning C4566: character represented by universal-character-name '\u1EA1' cannot be represented in the current code page (1252)
D:\Ky Thuat Lap Trinh + Lap Trinh Huong Doi Tuong ( C++)\Visual\51_NguyenThanhThien_054205000756\QuanLyTienLuong\Employee.cpp(13,32): warning C4566: character represented by universal-character-name '\u1ED1' cannot be represented in the current code page (1252)
D:\Ky Thuat Lap Trinh + Lap Trinh Huong Doi Tuong ( C++)\Visual\51_NguyenThanhThien_054205000756\QuanLyTienLuong\Employee.cpp(13,32): warning C4566: character represented by universal-character-name '\u0111' cannot be represented in the current code page (1252)
D:\Ky Thuat Lap Trinh + Lap Trinh Huong Doi Tuong ( C++)\Visual\51_NguyenThanhThien_054205000756\QuanLyTienLuong\Employee.cpp(13,32): warning C4566: character represented by universal-character-name '\u1EC7' cannot be represented in the current code page (1252)
D:\Ky Thuat Lap Trinh + Lap Trinh Huong Doi Tuong ( C++)\Visual\51_NguyenThanhThien_054205000756\QuanLyTienLuong\Employee.cpp(13,32): warning C4566: character represented by universal-character-name '\u1EA1' cannot be represented in the current code page (1252)
D:\Ky Thuat Lap Trinh + Lap Trinh Huong Doi Tuong ( C++)\Visual\51_NguyenThanhThien_054205000756\QuanLyTienLuong\Employee.cpp(13,32): warning C4566: character represented by universal-character-name '\u1EA3' cannot be represented in the current code page (1252)
D:\Ky Thuat Lap Trinh + Lap Trinh Huong Doi Tuong ( C++)\Visual\51_NguyenThanhThien_054205000756\QuanLyTienLuong\Employee.cpp(13,32): warning C4566: character represented by universal-character-name '\u1EAF' cannot be represented in the current code page (1252)
D:\Ky Thuat Lap Trinh + Lap Trinh Huong Doi Tuong ( C++)\Visual\51_NguyenThanhThien_054205000756\QuanLyTienLuong\Employee.cpp(13,32): warning C4566: character represented by universal-character-name '\u1EA7' cannot be represented in the current code page (1252)
D:\Ky Thuat Lap Trinh + Lap Trinh Huong Doi Tuong ( C++)\Visual\51_NguyenThanhThien_054205000756\QuanLyTienLuong\Employee.cpp(13,32): warning C4566: character represented by universal-character-name '\u1EB1' cannot be represented in the current code page (1252)
D:\Ky Thuat Lap Trinh + Lap Trinh Huong Doi Tuong ( C++)\Visual\51_NguyenThanhThien_054205000756\QuanLyTienLuong\Employee.cpp(16,32): warning C4566: character represented by universal-character-name '\u01B0' cannot be represented in the current code page (1252)
D:\Ky Thuat Lap Trinh + Lap Trinh Huong Doi Tuong ( C++)\Visual\51_NguyenThanhThien_054205000756\QuanLyTienLuong\Employee.cpp(16,32): warning C4566: character represented by universal-character-name '\u01A1' cannot be represented in the current code page (1252)
D:\Ky Thuat Lap Trinh + Lap Trinh Huong Doi Tuong ( C++)\Visual\51_NguyenThanhThien_054205000756\QuanLyTienLuong\Employee.cpp(16,32): warning C4566: character represented by universal-character-name '\u0103' cannot be represented in the current code page (1252)
D:\Ky Thuat Lap Trinh + Lap Trinh Huong Doi Tuong ( C++)\Visual\51_NguyenThanhThien_054205000756\QuanLyTienLuong\Employee.cpp(16,32): warning C4566: character represented by universal-character-name '\u1EA3' cannot be represented in the current code page (1252)
D:\Ky Thuat Lap Trinh + Lap Trinh Huong Doi Tuong ( C++)\Visual\51_NguyenThanhThien_054205000756\QuanLyTienLuong\Employee.cpp(30,32): warning C4566: character represented by universal-character-name '\u1EA3' cannot be represented in the current code page (1252)
D:\Ky Thuat Lap Trinh + Lap Trinh Huong Doi Tuong ( C++)\Visual\51_NguyenThanhThien_054205000756\QuanLyTienLuong\Employee.cpp(30,32): warning C4566: character represented by universal-character-name '\u01B0' cannot be represented in the current code page (1252)
D:\Ky Thuat Lap Trinh + Lap Trinh Huong Doi Tuong ( C++)\Visual\51_NguyenThanhThien_054205000756\QuanLyTienLuong\Employee.cpp(30,32): warning C4566: character represented by universal-character-name '\u1EDB' cannot be represented in the current code page (1252)
D:\Ky Thuat Lap Trinh + Lap Trinh Huong Doi Tuong ( C++)\Visual\51_NguyenThanhThien_054205000756\QuanLyTienLuong\Employee.cpp(30,32): warning C4566: character represented by universal-character-name '\u1EB7' cannot be represented in the current code page (1252)
D:\Ky Thuat Lap Trinh + Lap Trinh Huong Doi Tuong ( C++)\Visual\51_NguyenThanhThien_054205000756\QuanLyTienLuong\Employee.cpp(30,32): warning C4566: character represented by universal-character-name '\u1EB1' cannot be represented in the current code page (1252)
D:\Ky Thuat Lap Trinh + Lap Trinh Huong Doi Tuong ( C++)\Visual\51_NguyenThanhThien_054205000756\QuanLyTienLuong\Employee.cpp(30,32): warning C4566: character represented by universal-character-name '\u1EC7' cannot be represented in the current code page (1252)
D:\Ky Thuat Lap Trinh + Lap Trinh Huong Doi Tuong ( C++)\Visual\51_NguyenThanhThien_054205000756\QuanLyTienLuong\Employee.cpp(30,32): warning C4566: character represented by universal-character-name '\u1EA1' cannot be represented in the current code page (1252)
D:\Ky Thuat Lap Trinh + Lap Trinh Huong Doi Tuong ( C++)\Visual\51_NguyenThanhThien_054205000756\QuanLyTienLuong\Employee.cpp(36,32): warning C4566: character represented by universal-character-name '\u1ED1' cannot be represented in the current code page (1252)
D:\Ky Thuat Lap Trinh + Lap Trinh Huong Doi Tuong ( C++)\Visual\51_NguyenThanhThien_054205000756\QuanLyTienLuong\Employee.cpp(36,32): warning C4566: character represented by universal-character-name '\u0111' cannot be represented in the current code page (1252)
D:\Ky Thuat Lap Trinh + Lap Trinh Huong Doi Tuong ( C++)\Visual\51_NguyenThanhThien_054205000756\QuanLyTienLuong\Employee.cpp(36,32): warning C4566: character represented by universal-character-name '\u1EC7' cannot be represented in the current code page (1252)
D:\Ky Thuat Lap Trinh + Lap Trinh Huong Doi Tuong ( C++)\Visual\51_NguyenThanhThien_054205000756\QuanLyTienLuong\Employee.cpp(36,32): warning C4566: character represented by universal-character-name '\u1EA1' cannot be represented in the current code page (1252)
D:\Ky Thuat Lap Trinh + Lap Trinh Huong Doi Tuong ( C++)\Visual\51_NguyenThanhThien_054205000756\QuanLyTienLuong\Employee.cpp(36,32): warning C4566: character represented by universal-character-name '\u1EA3' cannot be represented in the current code page (1252)
D:\Ky Thuat Lap Trinh + Lap Trinh Huong Doi Tuong ( C++)\Visual\51_NguyenThanhThien_054205000756\QuanLyTienLuong\Employee.cpp(36,32): warning C4566: character represented by universal-character-name '\u1EAF' cannot be represented in the current code page (1252)
D:\Ky Thuat Lap Trinh + Lap Trinh Huong Doi Tuong ( C++)\Visual\51_NguyenThanhThien_054205000756\QuanLyTienLuong\Employee.cpp(36,32): warning C4566: character represented by universal-character-name '\u1EA7' cannot be represented in the current code page (1252)
D:\Ky Thuat Lap Trinh + Lap Trinh Huong Doi Tuong ( C++)\Visual\51_NguyenThanhThien_054205000756\QuanLyTienLuong\Employee.cpp(36,32): warning C4566: character represented by universal-character-name '\u1EB1' cannot be represented in the current code page (1252)
D:\Ky Thuat Lap Trinh + Lap Trinh Huong Doi Tuong ( C++)\Visual\51_NguyenThanhThien_054205000756\QuanLyTienLuong\Employee.cpp(42,32): warning C4566: character represented by universal-character-name '\u01B0' cannot be represented in the current code page (1252)
D:\Ky Thuat Lap Trinh + Lap Trinh Huong Doi Tuong ( C++)\Visual\51_NguyenThanhThien_054205000756\QuanLyTienLuong\Employee.cpp(42,32): warning C4566: character represented by universal-character-name '\u01A1' cannot be represented in the current code page (1252)
D:\Ky Thuat Lap Trinh + Lap Trinh Huong Doi Tuong ( C++)\Visual\51_NguyenThanhThien_054205000756\QuanLyTienLuong\Employee.cpp(42,32): warning C4566: character represented by universal-character-name '\u0103' cannot be represented in the current code page (1252)
D:\Ky Thuat Lap Trinh + Lap Trinh Huong Doi Tuong ( C++)\Visual\51_NguyenThanhThien_054205000756\QuanLyTienLuong\Employee.cpp(42,32): warning C4566: character represented by universal-character-name '\u1EA3' cannot be represented in the current code page (1252)
  FullTimeEmployee.cpp
D:\Ky Thuat Lap Trinh + Lap Trinh Huong Doi Tuong ( C++)\Visual\51_NguyenThanhThien_054205000756\QuanLyTienLuong\FullTimeEmployee.cpp(11,32): warning C4566: character represented by universal-character-name '\u1EC7' cannot be represented in the current code page (1252)
D:\Ky Thuat Lap Trinh + Lap Trinh Huong Doi Tuong ( C++)\Visual\51_NguyenThanhThien_054205000756\QuanLyTienLuong\FullTimeEmployee.cpp(11,32): warning C4566: character represented by universal-character-name '\u1ED1' cannot be represented in the current code page (1252)
D:\Ky Thuat Lap Trinh + Lap Trinh Huong Doi Tuong ( C++)\Visual\51_NguyenThanhThien_054205000756\QuanLyTienLuong\FullTimeEmployee.cpp(11,32): warning C4566: character represented by universal-character-name '\u01B0' cannot be represented in the current code page (1252)
D:\Ky Thuat Lap Trinh + Lap Trinh Huong Doi Tuong ( C++)\Visual\51_NguyenThanhThien_054205000756\QuanLyTienLuong\FullTimeEmployee.cpp(11,32): warning C4566: character represented by universal-character-name '\u01A1' cannot be represented in the current code page (1252)
D:\Ky Thuat Lap Trinh + Lap Trinh Huong Doi Tuong ( C++)\Visual\51_NguyenThanhThien_054205000756\QuanLyTienLuong\FullTimeEmployee.cpp(11,32): warning C4566: character represented by universal-character-name '\u1EA3' cannot be represented in the current code page (1252)
D:\Ky Thuat Lap Trinh + Lap Trinh Huong Doi Tuong ( C++)\Visual\51_NguyenThanhThien_054205000756\QuanLyTienLuong\FullTimeEmployee.cpp(11,32): warning C4566: character represented by universal-character-name '\u1EEB' cannot be represented in the current code page (1252)
D:\Ky Thuat Lap Trinh + Lap Trinh Huong Doi Tuong ( C++)\Visual\51_NguyenThanhThien_054205000756\QuanLyTienLuong\FullTimeEmployee.cpp(11,32): warning C4566: character represented by universal-character-name '\u0111' cannot be represented in the current code page (1252)
D:\Ky Thuat Lap Trinh + Lap Trinh Huong Doi Tuong ( C++)\Visual\51_NguyenThanhThien_054205000756\QuanLyTienLuong\FullTimeEmployee.cpp(11,32): warning C4566: character represented by universal-character-name '\u1EBF' cannot be represented in the current code page (1252)
D:\Ky Thuat Lap Trinh + Lap Trinh Huong Doi Tuong ( C++)\Visual\51_NguyenThanhThien_054205000756\QuanLyTienLuong\FullTimeEmployee.cpp(14,32): warning C4566: character represented by universal-character-name '\u1ED1' cannot be represented in the current code page (1252)
D:\Ky Thuat Lap Trinh + Lap Trinh Huong Doi Tuong ( C++)\Visual\51_NguyenThanhThien_054205000756\QuanLyTienLuong\FullTimeEmployee.cpp(14,32): warning C4566: character represented by universal-character-name '\u0103' cannot be represented in the current code page (1252)
D:\Ky Thuat Lap Trinh + Lap Trinh Huong Doi Tuong ( C++)\Visual\51_NguyenThanhThien_054205000756\QuanLyTienLuong\FullTimeEmployee.cpp(14,32): warning C4566: character represented by universal-character-name '\u1EC7' cannot be represented in the current code page (1252)
D:\Ky Thuat Lap Trinh + Lap Trinh Huong Doi Tuong ( C++)\Visual\51_NguyenThanhThien_054205000756\QuanLyTienLuong\FullTimeEmployee.cpp(14,32): warning C4566: character represented by universal-character-name '\u1EA3' cannot be represented in the current code page (1252)
D:\Ky Thuat Lap Trinh + Lap Trinh Huong Doi Tuong ( C++)\Visual\51_NguyenThanhThien_054205000756\QuanLyTienLuong\FullTimeEmployee.cpp(29,32): warning C4566: character represented by universal-character-name '\u1EC7' cannot be represented in the current code page (1252)
D:\Ky Thuat Lap Trinh + Lap Trinh Huong Doi Tuong ( C++)\Visual\51_NguyenThanhThien_054205000756\QuanLyTienLuong\FullTimeEmployee.cpp(29,32): warning C4566: character represented by universal-character-name '\u1ED1' cannot be represented in the current code page (1252)
D:\Ky Thuat Lap Trinh + Lap Trinh Huong Doi Tuong ( C++)\Visual\51_NguyenThanhThien_054205000756\QuanLyTienLuong\FullTimeEmployee.cpp(29,32): warning C4566: character represented by universal-character-name '\u01B0' cannot be represented in the current code page (1252)
D:\Ky Thuat Lap Trinh + Lap Trinh Huong Doi Tuong ( C++)\Visual\51_NguyenThanhThien_054205000756\QuanLyTienLuong\FullTimeEmployee.cpp(29,32): warning C4566: character represented by universal-character-name '\u01A1' cannot be represented in the current code page (1252)
D:\Ky Thuat Lap Trinh + Lap Trinh Huong Doi Tuong ( C++)\Visual\51_NguyenThanhThien_054205000756\QuanLyTienLuong\FullTimeEmployee.cpp(29,32): warning C4566: character represented by universal-character-name '\u1EA3' cannot be represented in the current code page (1252)
D:\Ky Thuat Lap Trinh + Lap Trinh Huong Doi Tuong ( C++)\Visual\51_NguyenThanhThien_054205000756\QuanLyTienLuong\FullTimeEmployee.cpp(29,32): warning C4566: character represented by universal-character-name '\u1EEB' cannot be represented in the current code page (1252)
D:\Ky Thuat Lap Trinh + Lap Trinh Huong Doi Tuong ( C++)\Visual\51_NguyenThanhThien_054205000756\QuanLyTienLuong\FullTimeEmployee.cpp(29,32): warning C4566: character represented by universal-character-name '\u0111' cannot be represented in the current code page (1252)
D:\Ky Thuat Lap Trinh + Lap Trinh Huong Doi Tuong ( C++)\Visual\51_NguyenThanhThien_054205000756\QuanLyTienLuong\FullTimeEmployee.cpp(29,32): warning C4566: character represented by universal-character-name '\u1EBF' cannot be represented in the current code page (1252)
D:\Ky Thuat Lap Trinh + Lap Trinh Huong Doi Tuong ( C++)\Visual\51_NguyenThanhThien_054205000756\QuanLyTienLuong\FullTimeEmployee.cpp(36,32): warning C4566: character represented by universal-character-name '\u1ED1' cannot be represented in the current code page (1252)
D:\Ky Thuat Lap Trinh + Lap Trinh Huong Doi Tuong ( C++)\Visual\51_NguyenThanhThien_054205000756\QuanLyTienLuong\FullTimeEmployee.cpp(36,32): warning C4566: character represented by universal-character-name '\u0103' cannot be represented in the current code page (1252)
D:\Ky Thuat Lap Trinh + Lap Trinh Huong Doi Tuong ( C++)\Visual\51_NguyenThanhThien_054205000756\QuanLyTienLuong\FullTimeEmployee.cpp(36,32): warning C4566: character represented by universal-character-name '\u1EC7' cannot be represented in the current code page (1252)
D:\Ky Thuat Lap Trinh + Lap Trinh Huong Doi Tuong ( C++)\Visual\51_NguyenThanhThien_054205000756\QuanLyTienLuong\FullTimeEmployee.cpp(36,32): warning C4566: character represented by universal-character-name '\u1EA3' cannot be represented in the current code page (1252)
  PartTimeEmployee.cpp
D:\Ky Thuat Lap Trinh + Lap Trinh Huong Doi Tuong ( C++)\Visual\51_NguyenThanhThien_054205000756\QuanLyTienLuong\PartTimeEmployee.cpp(13,32): warning C4566: character represented by universal-character-name '\u1ED1' cannot be represented in the current code page (1252)
D:\Ky Thuat Lap Trinh + Lap Trinh Huong Doi Tuong ( C++)\Visual\51_NguyenThanhThien_054205000756\QuanLyTienLuong\PartTimeEmployee.cpp(13,32): warning C4566: character represented by universal-character-name '\u1EDD' cannot be represented in the current code page (1252)
D:\Ky Thuat Lap Trinh + Lap Trinh Huong Doi Tuong ( C++)\Visual\51_NguyenThanhThien_054205000756\QuanLyTienLuong\PartTimeEmployee.cpp(13,32): warning C4566: character represented by universal-character-name '\u1ED7' cannot be represented in the current code page (1252)
D:\Ky Thuat Lap Trinh + Lap Trinh Huong Doi Tuong ( C++)\Visual\51_NguyenThanhThien_054205000756\QuanLyTienLuong\PartTimeEmployee.cpp(13,32): warning C4566: character represented by universal-character-name '\u1EA7' cannot be represented in the current code page (1252)
D:\Ky Thuat Lap Trinh + Lap Trinh Huong Doi Tuong ( C++)\Visual\51_NguyenThanhThien_054205000756\QuanLyTienLuong\PartTimeEmployee.cpp(13,32): warning C4566: character represented by universal-character-name '\u1EA3' cannot be represented in the current code page (1252)
D:\Ky Thuat Lap Trinh + Lap Trinh Huong Doi Tuong ( C++)\Visual\51_NguyenThanhThien_054205000756\QuanLyTienLuong\PartTimeEmployee.cpp(16,32): warning C4566: character represented by universal-character-name '\u1EE9' cannot be represented in the current code page (1252)
D:\Ky Thuat Lap Trinh + Lap Trinh Huong Doi Tuong ( C++)\Visual\51_NguyenThanhThien_054205000756\QuanLyTienLuong\PartTimeEmployee.cpp(16,32): warning C4566: character represented by universal-character-name '\u01B0' cannot be represented in the current code page (1252)
D:\Ky Thuat Lap Trinh + Lap Trinh Huong Doi Tuong ( C++)\Visual\51_NguyenThanhThien_054205000756\QuanLyTienLuong\PartTimeEmployee.cpp(16,32): warning C4566: character represented by universal-character-name '\u01A1' cannot be represented in the current code page (1252)
D:\Ky Thuat Lap Trinh + Lap Trinh Huong Doi Tuong ( C++)\Visual\51_NguyenThanhThien_054205000756\QuanLyTienLuong\PartTimeEmployee.cpp(16,32): warning C4566: character represented by universal-character-name '\u1ED7' cannot be represented in the current code page (1252)
D:\Ky Thuat Lap Trinh + Lap Trinh Huong Doi Tuong ( C++)\Visual\51_NguyenThanhThien_054205000756\QuanLyTienLuong\PartTimeEmployee.cpp(16,32): warning C4566: character represented by universal-character-name '\u1EDD' cannot be represented in the current code page (1252)
D:\Ky Thuat Lap Trinh + Lap Trinh Huong Doi Tuong ( C++)\Visual\51_NguyenThanhThien_054205000756\QuanLyTienLuong\PartTimeEmployee.cpp(16,32): warning C4566: character represented by universal-character-name '\u1EA3' cannot be represented in the current code page (1252)
D:\Ky Thuat Lap Trinh + Lap Trinh Huong Doi Tuong ( C++)\Visual\51_NguyenThanhThien_054205000756\QuanLyTienLuong\PartTimeEmployee.cpp(33,32): warning C4566: character represented by universal-character-name '\u1ED1' cannot be represented in the current code page (1252)
D:\Ky Thuat Lap Trinh + Lap Trinh Huong Doi Tuong ( C++)\Visual\51_NguyenThanhThien_054205000756\QuanLyTienLuong\PartTimeEmployee.cpp(33,32): warning C4566: character represented by universal-character-name '\u1EDD' cannot be represented in the current code page (1252)
D:\Ky Thuat Lap Trinh + Lap Trinh Huong Doi Tuong ( C++)\Visual\51_NguyenThanhThien_054205000756\QuanLyTienLuong\PartTimeEmployee.cpp(33,32): warning C4566: character represented by universal-character-name '\u1ED7' cannot be represented in the current code page (1252)
D:\Ky Thuat Lap Trinh + Lap Trinh Huong Doi Tuong ( C++)\Visual\51_NguyenThanhThien_054205000756\QuanLyTienLuong\PartTimeEmployee.cpp(33,32): warning C4566: character represented by universal-character-name '\u1EA7' cannot be represented in the current code page (1252)
D:\Ky Thuat Lap Trinh + Lap Trinh Huong Doi Tuong ( C++)\Visual\51_NguyenThanhThien_054205000756\QuanLyTienLuong\PartTimeEmployee.cpp(33,32): warning C4566: character represented by universal-character-name '\u1EA3' cannot be represented in the current code page (1252)
D:\Ky Thuat Lap Trinh + Lap Trinh Huong Doi Tuong ( C++)\Visual\51_NguyenThanhThien_054205000756\QuanLyTienLuong\PartTimeEmployee.cpp(50,32): warning C4566: character represented by universal-character-name '\u1EE9' cannot be represented in the current code page (1252)
D:\Ky Thuat Lap Trinh + Lap Trinh Huong Doi Tuong ( C++)\Visual\51_NguyenThanhThien_054205000756\QuanLyTienLuong\PartTimeEmployee.cpp(50,32): warning C4566: character represented by universal-character-name '\u01B0' cannot be represented in the current code page (1252)
D:\Ky Thuat Lap Trinh + Lap Trinh Huong Doi Tuong ( C++)\Visual\51_NguyenThanhThien_054205000756\QuanLyTienLuong\PartTimeEmployee.cpp(50,32): warning C4566: character represented by universal-character-name '\u01A1' cannot be represented in the current code page (1252)
D:\Ky Thuat Lap Trinh + Lap Trinh Huong Doi Tuong ( C++)\Visual\51_NguyenThanhThien_054205000756\QuanLyTienLuong\PartTimeEmployee.cpp(50,32): warning C4566: character represented by universal-character-name '\u1ED7' cannot be represented in the current code page (1252)
D:\Ky Thuat Lap Trinh + Lap Trinh Huong Doi Tuong ( C++)\Visual\51_NguyenThanhThien_054205000756\QuanLyTienLuong\PartTimeEmployee.cpp(50,32): warning C4566: character represented by universal-character-name '\u1EDD' cannot be represented in the current code page (1252)
D:\Ky Thuat Lap Trinh + Lap Trinh Huong Doi Tuong ( C++)\Visual\51_NguyenThanhThien_054205000756\QuanLyTienLuong\PartTimeEmployee.cpp(50,32): warning C4566: character represented by universal-character-name '\u1EA3' cannot be represented in the current code page (1252)
  Generating Code...
  QuanLyTienLuong.vcxproj -> D:\Ky Thuat Lap Trinh + Lap Trinh Huong Doi Tuong ( C++)\Visual\51_NguyenThanhThien_054205000756\x64\Debug\QuanLyTienLuong.exe
